<?xml version="1.0" encoding="UTF-8"?>
<testng-results ignored="0" total="16" passed="16" failed="0" skipped="0">
  <reporter-output>
  </reporter-output>
  <suite started-at="2022-12-07T10:46:39 IST" name="Suite" finished-at="2022-12-07T10:47:36 IST" duration-ms="56584">
    <groups>
    </groups>
    <test started-at="2022-12-07T10:46:39 IST" name="Test1" finished-at="2022-12-07T10:47:07 IST" duration-ms="27877">
      <class name="test.scenarious.Test_Ninja">
        <test-method signature="readConfig()[pri:-1, instance:test.scenarious.Test_Ninja@273e7444]" started-at="2022-12-07T10:46:39 IST" name="readConfig" finished-at="2022-12-07T10:46:39 IST" duration-ms="20" status="PASS">
          <reporter-output>
          </reporter-output>
        </test-method> <!-- readConfig -->
        <test-method signature="setUp(java.lang.String)[pri:0, instance:test.scenarious.Test_Ninja@273e7444]" started-at="2022-12-07T10:46:39 IST" name="setUp" finished-at="2022-12-07T10:46:43 IST" duration-ms="3516" status="PASS">
          <params>
            <param index="0">
              <value>
                <![CDATA[chrome]]>
              </value>
            </param>
          </params>
          <reporter-output>
          </reporter-output>
        </test-method> <!-- setUp -->
        <test-method signature="openBrowsers()[pri:1, instance:test.scenarious.Test_Ninja@273e7444]" started-at="2022-12-07T10:46:43 IST" name="openBrowsers" finished-at="2022-12-07T10:46:44 IST" duration-ms="1560" status="PASS">
          <reporter-output>
          </reporter-output>
        </test-method> <!-- openBrowsers -->
        <test-method signature="register()[pri:2, instance:test.scenarious.Test_Ninja@273e7444]" started-at="2022-12-07T10:46:44 IST" name="register" finished-at="2022-12-07T10:46:49 IST" duration-ms="4168" status="PASS">
          <reporter-output>
          </reporter-output>
        </test-method> <!-- register -->
        <test-method signature="login()[pri:3, instance:test.scenarious.Test_Ninja@273e7444]" started-at="2022-12-07T10:46:49 IST" name="login" finished-at="2022-12-07T10:46:52 IST" duration-ms="3110" status="PASS">
          <reporter-output>
          </reporter-output>
        </test-method> <!-- login -->
        <test-method signature="products()[pri:4, instance:test.scenarious.Test_Ninja@273e7444]" started-at="2022-12-07T10:46:52 IST" name="products" finished-at="2022-12-07T10:47:05 IST" duration-ms="13545" status="PASS">
          <reporter-output>
          </reporter-output>
        </test-method> <!-- products -->
        <test-method signature="Cart_Page()[pri:5, instance:test.scenarious.Test_Ninja@273e7444]" started-at="2022-12-07T10:47:05 IST" name="Cart_Page" finished-at="2022-12-07T10:47:07 IST" duration-ms="1616" status="PASS">
          <reporter-output>
          </reporter-output>
        </test-method> <!-- Cart_Page -->
        <test-method signature="Screenshot()[pri:6, instance:test.scenarious.Test_Ninja@273e7444]" started-at="2022-12-07T10:47:07 IST" name="Screenshot" finished-at="2022-12-07T10:47:07 IST" duration-ms="264" status="PASS">
          <reporter-output>
          </reporter-output>
        </test-method> <!-- Screenshot -->
      </class> <!-- test.scenarious.Test_Ninja -->
    </test> <!-- Test1 -->
    <test started-at="2022-12-07T10:47:07 IST" name="Test2" finished-at="2022-12-07T10:47:36 IST" duration-ms="28671">
      <class name="test.scenarious.Test_Ninja">
        <test-method signature="readConfig()[pri:-1, instance:test.scenarious.Test_Ninja@3e27ba32]" started-at="2022-12-07T10:47:07 IST" name="readConfig" finished-at="2022-12-07T10:47:07 IST" duration-ms="2" status="PASS">
          <reporter-output>
          </reporter-output>
        </test-method> <!-- readConfig -->
        <test-method signature="setUp(java.lang.String)[pri:0, instance:test.scenarious.Test_Ninja@3e27ba32]" started-at="2022-12-07T10:47:07 IST" name="setUp" finished-at="2022-12-07T10:47:12 IST" duration-ms="5133" status="PASS">
          <params>
            <param index="0">
              <value>
                <![CDATA[me]]>
              </value>
            </param>
          </params>
          <reporter-output>
          </reporter-output>
        </test-method> <!-- setUp -->
        <test-method signature="openBrowsers()[pri:1, instance:test.scenarious.Test_Ninja@3e27ba32]" started-at="2022-12-07T10:47:12 IST" name="openBrowsers" finished-at="2022-12-07T10:47:14 IST" duration-ms="1854" status="PASS">
          <reporter-output>
          </reporter-output>
        </test-method> <!-- openBrowsers -->
        <test-method signature="register()[pri:2, instance:test.scenarious.Test_Ninja@3e27ba32]" started-at="2022-12-07T10:47:14 IST" name="register" finished-at="2022-12-07T10:47:17 IST" duration-ms="3264" status="PASS">
          <reporter-output>
          </reporter-output>
        </test-method> <!-- register -->
        <test-method signature="login()[pri:3, instance:test.scenarious.Test_Ninja@3e27ba32]" started-at="2022-12-07T10:47:17 IST" name="login" finished-at="2022-12-07T10:47:21 IST" duration-ms="3484" status="PASS">
          <reporter-output>
          </reporter-output>
        </test-method> <!-- login -->
        <test-method signature="products()[pri:4, instance:test.scenarious.Test_Ninja@3e27ba32]" started-at="2022-12-07T10:47:21 IST" name="products" finished-at="2022-12-07T10:47:35 IST" duration-ms="13626" status="PASS">
          <reporter-output>
          </reporter-output>
        </test-method> <!-- products -->
        <test-method signature="Cart_Page()[pri:5, instance:test.scenarious.Test_Ninja@3e27ba32]" started-at="2022-12-07T10:47:35 IST" name="Cart_Page" finished-at="2022-12-07T10:47:36 IST" duration-ms="1085" status="PASS">
          <reporter-output>
          </reporter-output>
        </test-method> <!-- Cart_Page -->
        <test-method signature="Screenshot()[pri:6, instance:test.scenarious.Test_Ninja@3e27ba32]" started-at="2022-12-07T10:47:36 IST" name="Screenshot" finished-at="2022-12-07T10:47:36 IST" duration-ms="202" status="PASS">
          <reporter-output>
          </reporter-output>
        </test-method> <!-- Screenshot -->
      </class> <!-- test.scenarious.Test_Ninja -->
    </test> <!-- Test2 -->
  </suite> <!-- Suite -->
</testng-results>
