<?xml version="1.0" encoding="UTF-8"?>
<!-- Generated by org.testng.reporters.JUnitXMLReporter -->
<testsuite ignored="0" hostname="INLEN8520046594" failures="0" tests="8" name="Test1" time="27.877" errors="0" timestamp="2022-12-07T10:47:07 IST">
  <testcase classname="test.scenarious.Test_Ninja" name="readConfig" time="0.02"/>
  <testcase classname="test.scenarious.Test_Ninja" name="setUp" time="3.516"/>
  <testcase classname="test.scenarious.Test_Ninja" name="openBrowsers" time="1.56"/>
  <testcase classname="test.scenarious.Test_Ninja" name="register" time="4.168"/>
  <testcase classname="test.scenarious.Test_Ninja" name="login" time="3.11"/>
  <testcase classname="test.scenarious.Test_Ninja" name="products" time="13.545"/>
  <testcase classname="test.scenarious.Test_Ninja" name="Cart_Page" time="1.616"/>
  <testcase classname="test.scenarious.Test_Ninja" name="Screenshot" time="0.264"/>
</testsuite> <!-- Test1 -->
