<?xml version="1.0" encoding="UTF-8"?>
<!-- Generated by org.testng.reporters.JUnitXMLReporter -->
<testsuite ignored="0" hostname="INLEN8520046594" failures="0" tests="8" name="Test2" time="28.671" errors="0" timestamp="2022-12-07T10:47:36 IST">
  <testcase classname="test.scenarious.Test_Ninja" name="readConfig" time="0.002"/>
  <testcase classname="test.scenarious.Test_Ninja" name="setUp" time="5.133"/>
  <testcase classname="test.scenarious.Test_Ninja" name="openBrowsers" time="1.854"/>
  <testcase classname="test.scenarious.Test_Ninja" name="register" time="3.264"/>
  <testcase classname="test.scenarious.Test_Ninja" name="login" time="3.484"/>
  <testcase classname="test.scenarious.Test_Ninja" name="products" time="13.626"/>
  <testcase classname="test.scenarious.Test_Ninja" name="Cart_Page" time="1.085"/>
  <testcase classname="test.scenarious.Test_Ninja" name="Screenshot" time="0.202"/>
</testsuite> <!-- Test2 -->
